<?xml version="1.0" encoding="UTF-8"?>
<!-- Generated by org.testng.reporters.JUnitReportReporter -->
<testsuite hostname="rkamal-mbp" failures="0" tests="2" name="mavenlearning.testclass2" time="0.002" errors="0" timestamp="11 Jun 2018 06:03:01 GMT">
  <testcase classname="mavenlearning.testclass2" name="sub" time="0.001"/>
  <testcase classname="mavenlearning.testclass2" name="sum" time="0.001"/>
</testsuite> <!-- mavenlearning.testclass2 -->
