<?xml version="1.0" encoding="UTF-8"?>
<!-- Generated by org.testng.reporters.JUnitReportReporter -->
<testsuite hostname="rkamal-mbp" failures="0" tests="2" name="mavenlearning.testclass" time="0.014" errors="0" timestamp="11 Jun 2018 06:03:01 GMT">
  <testcase classname="mavenlearning.testclass" name="sub" time="0.013"/>
  <testcase classname="mavenlearning.testclass" name="sum" time="0.001"/>
</testsuite> <!-- mavenlearning.testclass -->
