<?xml version="1.0" encoding="UTF-8"?>
<!-- Generated by org.testng.reporters.JUnitReportReporter -->
<testsuite hostname="rkamal-mbp" failures="0" tests="1" name="Runner.TestRunner" time="14.280" errors="0" timestamp="11 Jun 2018 12:18:38 GMT">
  <testcase classname="Runner.TestRunner" name="feature" time="14.280"/>
</testsuite> <!-- Runner.TestRunner -->
